# JRE version: OpenJDK Runtime Environment (8.0_242-b01) (build 1.8.0_242-release-1644-b01)
# Java VM: OpenJDK 64-Bit Server VM (25.242-b01 mixed mode windows-amd64 compressed oops)
Heap:
 PSYoungGen      total 232448K, used 97267K [0x00000000d5580000, 0x00000000e5300000, 0x0000000100000000)
  eden space 211968K, 38% used [0x00000000d5580000,0x00000000da534828,0x00000000e2480000)
  from space 20480K, 76% used [0x00000000e3900000,0x00000000e48484d0,0x00000000e4d00000)
  to   space 20992K, 0% used [0x00000000e2480000,0x00000000e2480000,0x00000000e3900000)
 ParOldGen       total 216576K, used 38129K [0x0000000080000000, 0x000000008d380000, 0x00000000d5580000)
  object space 216576K, 17% used [0x0000000080000000,0x000000008253c6b0,0x000000008d380000)
 Metaspace       used 63352K, capacity 67198K, committed 67416K, reserved 1107968K
  class space    used 8785K, capacity 9486K, committed 9600K, reserved 1048576K
GC Heap History (10 events):
Event: 4.819 GC heap before
{Heap before GC invocations=9 (full 2):
 PSYoungGen      total 124416K, used 9726K [0x00000000d5580000, 0x00000000e2880000, 0x0000000100000000)
  eden space 112128K, 0% used [0x00000000d5580000,0x00000000d5580000,0x00000000dc300000)
  from space 12288K, 79% used [0x00000000dc300000,0x00000000dcc7f830,0x00000000dcf00000)
  to   space 12288K, 0% used [0x00000000e1c80000,0x00000000e1c80000,0x00000000e2880000)
 ParOldGen       total 90112K, used 7387K [0x0000000080000000, 0x0000000085800000, 0x00000000d5580000)
  object space 90112K, 8% used [0x0000000080000000,0x0000000080736dc0,0x0000000085800000)
 Metaspace       used 34509K, capacity 35344K, committed 35416K, reserved 1079296K
  class space    used 4708K, capacity 4921K, committed 4992K, reserved 1048576K
Event: 4.857 GC heap after
Heap after GC invocations=9 (full 2):
 PSYoungGen      total 124416K, used 0K [0x00000000d5580000, 0x00000000e2880000, 0x0000000100000000)
  eden space 112128K, 0% used [0x00000000d5580000,0x00000000d5580000,0x00000000dc300000)
  from space 12288K, 0% used [0x00000000dc300000,0x00000000dc300000,0x00000000dcf00000)
  to   space 12288K, 0% used [0x00000000e1c80000,0x00000000e1c80000,0x00000000e2880000)
 ParOldGen       total 138240K, used 16191K [0x0000000080000000, 0x0000000088700000, 0x00000000d5580000)
  object space 138240K, 11% used [0x0000000080000000,0x0000000080fcff90,0x0000000088700000)
 Metaspace       used 34509K, capacity 35344K, committed 35416K, reserved 1079296K
  class space    used 4708K, capacity 4921K, committed 4992K, reserved 1048576K
}
Event: 6.048 GC heap before
{Heap before GC invocations=10 (full 2):
 PSYoungGen      total 124416K, used 112128K [0x00000000d5580000, 0x00000000e2880000, 0x0000000100000000)
  eden space 112128K, 100% used [0x00000000d5580000,0x00000000dc300000,0x00000000dc300000)
  from space 12288K, 0% used [0x00000000dc300000,0x00000000dc300000,0x00000000dcf00000)
  to   space 12288K, 0% used [0x00000000e1c80000,0x00000000e1c80000,0x00000000e2880000)
 ParOldGen       total 138240K, used 16191K [0x0000000080000000, 0x0000000088700000, 0x00000000d5580000)
  object space 138240K, 11% used [0x0000000080000000,0x0000000080fcff90,0x0000000088700000)
 Metaspace       used 44189K, capacity 45666K, committed 45784K, reserved 1089536K
  class space    used 5981K, capacity 6321K, committed 6400K, reserved 1048576K
Event: 6.057 GC heap after
Heap after GC invocations=10 (full 2):
 PSYoungGen      total 178176K, used 12267K [0x00000000d5580000, 0x00000000e2880000, 0x0000000100000000)
  eden space 165888K, 0% used [0x00000000d5580000,0x00000000d5580000,0x00000000df780000)
  from space 12288K, 99% used [0x00000000e1c80000,0x00000000e287ad18,0x00000000e2880000)
  to   space 14336K, 0% used [0x00000000e0c80000,0x00000000e0c80000,0x00000000e1a80000)
 ParOldGen       total 138240K, used 18971K [0x0000000080000000, 0x0000000088700000, 0x00000000d5580000)
  object space 138240K, 13% used [0x0000000080000000,0x0000000081286e58,0x0000000088700000)
 Metaspace       used 44189K, capacity 45666K, committed 45784K, reserved 1089536K
  class space    used 5981K, capacity 6321K, committed 6400K, reserved 1048576K
}
Event: 7.425 GC heap before
{Heap before GC invocations=11 (full 2):
 PSYoungGen      total 178176K, used 174798K [0x00000000d5580000, 0x00000000e2880000, 0x0000000100000000)
  eden space 165888K, 97% used [0x00000000d5580000,0x00000000df438b98,0x00000000df780000)
  from space 12288K, 99% used [0x00000000e1c80000,0x00000000e287ad18,0x00000000e2880000)
  to   space 14336K, 0% used [0x00000000e0c80000,0x00000000e0c80000,0x00000000e1a80000)
 ParOldGen       total 138240K, used 18971K [0x0000000080000000, 0x0000000088700000, 0x00000000d5580000)
  object space 138240K, 13% used [0x0000000080000000,0x0000000081286e58,0x0000000088700000)
 Metaspace       used 56865K, capacity 58898K, committed 58968K, reserved 1099776K
  class space    used 7809K, capacity 8268K, committed 8320K, reserved 1048576K
Event: 7.442 GC heap after
Heap after GC invocations=11 (full 2):
 PSYoungGen      total 201728K, used 14332K [0x00000000d5580000, 0x00000000e4d00000, 0x0000000100000000)
  eden space 187392K, 0% used [0x00000000d5580000,0x00000000d5580000,0x00000000e0c80000)
  from space 14336K, 99% used [0x00000000e0c80000,0x00000000e1a7f340,0x00000000e1a80000)
  to   space 20480K, 0% used [0x00000000e3900000,0x00000000e3900000,0x00000000e4d00000)
 ParOldGen       total 138240K, used 30250K [0x0000000080000000, 0x0000000088700000, 0x00000000d5580000)
  object space 138240K, 21% used [0x0000000080000000,0x0000000081d8a910,0x0000000088700000)
 Metaspace       used 56865K, capacity 58898K, committed 58968K, reserved 1099776K
  class space    used 7809K, capacity 8268K, committed 8320K, reserved 1048576K
}
Event: 7.442 GC heap before
{Heap before GC invocations=12 (full 3):
 PSYoungGen      total 201728K, used 14332K [0x00000000d5580000, 0x00000000e4d00000, 0x0000000100000000)
  eden space 187392K, 0% used [0x00000000d5580000,0x00000000d5580000,0x00000000e0c80000)
  from space 14336K, 99% used [0x00000000e0c80000,0x00000000e1a7f340,0x00000000e1a80000)
  to   space 20480K, 0% used [0x00000000e3900000,0x00000000e3900000,0x00000000e4d00000)
 ParOldGen       total 138240K, used 30250K [0x0000000080000000, 0x0000000088700000, 0x00000000d5580000)
  object space 138240K, 21% used [0x0000000080000000,0x0000000081d8a910,0x0000000088700000)
 Metaspace       used 56865K, capacity 58898K, committed 58968K, reserved 1099776K
  class space    used 7809K, capacity 8268K, committed 8320K, reserved 1048576K
Event: 7.645 GC heap after
Heap after GC invocations=12 (full 3):
 PSYoungGen      total 201728K, used 0K [0x00000000d5580000, 0x00000000e4d00000, 0x0000000100000000)
  eden space 187392K, 0% used [0x00000000d5580000,0x00000000d5580000,0x00000000e0c80000)
  from space 14336K, 0% used [0x00000000e0c80000,0x00000000e0c80000,0x00000000e1a80000)
  to   space 20480K, 0% used [0x00000000e3900000,0x00000000e3900000,0x00000000e4d00000)
 ParOldGen       total 216576K, used 38121K [0x0000000080000000, 0x000000008d380000, 0x00000000d5580000)
  object space 216576K, 17% used [0x0000000080000000,0x000000008253a6b0,0x000000008d380000)
 Metaspace       used 56809K, capacity 58706K, committed 58968K, reserved 1099776K
  class space    used 7791K, capacity 8236K, committed 8320K, reserved 1048576K
}
Event: 8.985 GC heap before
{Heap before GC invocations=13 (full 3):
 PSYoungGen      total 201728K, used 187392K [0x00000000d5580000, 0x00000000e4d00000, 0x0000000100000000)
  eden space 187392K, 100% used [0x00000000d5580000,0x00000000e0c80000,0x00000000e0c80000)
  from space 14336K, 0% used [0x00000000e0c80000,0x00000000e0c80000,0x00000000e1a80000)
  to   space 20480K, 0% used [0x00000000e3900000,0x00000000e3900000,0x00000000e4d00000)
 ParOldGen       total 216576K, used 38121K [0x0000000080000000, 0x000000008d380000, 0x00000000d5580000)
  object space 216576K, 17% used [0x0000000080000000,0x000000008253a6b0,0x000000008d380000)
 Metaspace       used 61885K, capacity 65628K, committed 65880K, reserved 1105920K
  class space    used 8622K, capacity 9335K, committed 9344K, reserved 1048576K
Event: 8.995 GC heap after
Heap after GC invocations=13 (full 3):
 PSYoungGen      total 232448K, used 15649K [0x00000000d5580000, 0x00000000e5300000, 0x0000000100000000)
  eden space 211968K, 0% used [0x00000000d5580000,0x00000000d5580000,0x00000000e2480000)
  from space 20480K, 76% used [0x00000000e3900000,0x00000000e48484d0,0x00000000e4d00000)
  to   space 20992K, 0% used [0x00000000e2480000,0x00000000e2480000,0x00000000e3900000)
 ParOldGen       total 216576K, used 38129K [0x0000000080000000, 0x000000008d380000, 0x00000000d5580000)
  object space 216576K, 17% used [0x0000000080000000,0x000000008253c6b0,0x000000008d380000)
 Metaspace       used 61885K, capacity 65628K, committed 65880K, reserved 1105920K
  class space    used 8622K, capacity 9335K, committed 9344K, reserved 1048576K
}

